<?xml version="1.0" encoding="UTF-8"?>
<!-- Generated by org.testng.reporters.JUnitReportReporter -->
<testsuite hostname="DESKTOP-1I7T66E" failures="0" tests="2" name="mavendemo.gurru99" time="21.730" errors="0" timestamp="12 Oct 2022 11:01:13 GMT">
  <testcase classname="mavendemo.gurru99" name="test2" time="10.315"/>
  <testcase classname="mavendemo.gurru99" name="test1" time="11.415"/>
</testsuite> <!-- mavendemo.gurru99 -->
