<?xml version="1.0" encoding="UTF-8"?>
<!-- Generated by org.testng.reporters.JUnitReportReporter -->
<testsuite hostname="DESKTOP-1I7T66E" failures="0" tests="2" name="mavendemo.Mavendemo1" time="9.164" errors="0" timestamp="17 Oct 2022 07:07:51 GMT">
  <testcase classname="mavendemo.Mavendemo1" name="Test1" time="3.340"/>
  <testcase classname="mavendemo.Mavendemo1" name="test9" time="5.824"/>
</testsuite> <!-- mavendemo.Mavendemo1 -->
