<?xml version="1.0" encoding="UTF-8"?>
<!-- Generated by org.testng.reporters.JUnitReportReporter -->
<testsuite hostname="DESKTOP-1I7T66E" failures="0" tests="1" name="mavendemo.Mavendemo1" time="27.859" errors="0" timestamp="10 Oct 2022 13:40:55 GMT">
  <testcase classname="mavendemo.Mavendemo1" name="Test1" time="27.859"/>
</testsuite> <!-- mavendemo.Mavendemo1 -->
